<?xml version="1.0" encoding="UTF-8"?>
<!-- Generated by org.testng.reporters.JUnitReportReporter -->
<testsuite hostname="DESKTOP-8LSLP67" failures="0" tests="6" name="api.test.DDTests" time="9.027" errors="0" timestamp="2024-08-22T18:37:40 IST" skipped="0">
  <testcase classname="api.test.DDTests" name="testPostuser" time="1.145"/>
  <testcase classname="api.test.DDTests" name="testPostuser" time="3.262"/>
  <testcase classname="api.test.DDTests" name="testPostuser" time="1.151"/>
  <testcase classname="api.test.DDTests" name="testDeleteUserByName" time="1.131"/>
  <testcase classname="api.test.DDTests" name="testDeleteUserByName" time="1.171"/>
  <testcase classname="api.test.DDTests" name="testDeleteUserByName" time="1.167"/>
</testsuite> <!-- api.test.DDTests -->
