<?xml version="1.0" encoding="UTF-8"?>
<!-- Generated by org.testng.reporters.JUnitReportReporter -->
<testsuite hostname="DESKTOP-8LSLP67" failures="0" tests="4" name="api.test.UserTests" time="7.620" errors="0" timestamp="2024-08-22T19:10:47 IST" skipped="0">
  <testcase classname="api.test.UserTests" name="testPostUser" time="3.061"/>
  <testcase classname="api.test.UserTests" name="testGetUserByName" time="1.153"/>
  <testcase classname="api.test.UserTests" name="testUpdateUserByName" time="2.280"/>
  <testcase classname="api.test.UserTests" name="testDeleteUserByName" time="1.126"/>
</testsuite> <!-- api.test.UserTests -->
