<?xml version="1.0" encoding="UTF-8"?>
<!-- Generated by org.testng.reporters.JUnitReportReporter -->
<testsuite hostname="DESKTOP-8LSLP67" failures="0" tests="4" name="api.test.UserTests2" time="13.593" errors="0" timestamp="2024-10-21T01:41:27 IST" skipped="0">
  <testcase classname="api.test.UserTests2" name="testPostUser" time="8.952"/>
  <testcase classname="api.test.UserTests2" name="testGetUserByName" time="1.202"/>
  <testcase classname="api.test.UserTests2" name="testUpdateUserByName" time="2.307"/>
  <testcase classname="api.test.UserTests2" name="testDeleteUserByName" time="1.132"/>
</testsuite> <!-- api.test.UserTests2 -->
