<?xml version="1.0" encoding="UTF-8"?>
<!-- Generated by org.testng.reporters.JUnitReportReporter -->
<testsuite hostname="DESKTOP-8LSLP67" failures="0" tests="4" name="api.test.UserTests2" time="7.669" errors="0" timestamp="2024-08-23T01:17:37 IST" skipped="0">
  <testcase classname="api.test.UserTests2" name="testPostUser" time="3.163"/>
  <testcase classname="api.test.UserTests2" name="testGetUserByName" time="1.151"/>
  <testcase classname="api.test.UserTests2" name="testUpdateUserByName" time="2.252"/>
  <testcase classname="api.test.UserTests2" name="testDeleteUserByName" time="1.103"/>
</testsuite> <!-- api.test.UserTests2 -->
